Arguments: 
  /usr/bin/node /usr/bin/yarn install

PATH: 
  /home/umairx97/google-cloud-sdk/bin:/home/umairx97/.local/bin:/usr/local/sbin:/usr/local/bin:/usr/sbin:/usr/bin:/sbin:/bin:/usr/games:/usr/local/games:/snap/bin:/home/umairx97/Android/Sdk/emulator:/home/umairx97/Android/Sdk/tools:/home/umairx97/Android/Sdk/tools/bin:/home/umairx97/Android/Sdk/platform-tools:/home/umairx97/.yarn/bin

Yarn version: 
  1.21.1

Node version: 
  12.16.2

Platform: 
  linux x64

Trace: 
  SyntaxError: /home/umairx97/Umair/desmos-plugin/package.json: Unexpected string in JSON at position 2405
      at JSON.parse (<anonymous>)
      at /usr/lib/node_modules/yarn/lib/cli.js:1625:59
      at Generator.next (<anonymous>)
      at step (/usr/lib/node_modules/yarn/lib/cli.js:310:30)
      at /usr/lib/node_modules/yarn/lib/cli.js:321:13

npm manifest: 
  {
    "name": "datocms-plugin-desmos-plugin",
    "homepage": "https://github.com/YOUR-USER/datocms-plugin-desmos-plugin",
    "version": "0.0.1",
    "description": "this is desmos plugin",
    "main": "index.js",
    "scripts": {
      "start": "NODE_ENV=development webpack-dev-server --port 5000",
      "dist": "NODE_ENV=production webpack --progress",
      "addToProject": "yo datocms-plugin:add-to-project",
      "prepublishOnly": "rimraf lib dist && mkdir dist && npm run dist",
      "lint": "eslint \"./src/*.{js,jsx}\"",
      "test": "echo 1"
    },
    "keywords": ["datocms","datocms-plugin","field-editor","text-field"],
    "files": ["dist", "docs"],
    "author": "Umair <umair.bajwa@engineering.outlier.org>",
    "license": "ISC",
    "datoCmsPlugin": {
      "title": "Desmos Plugin",
      "previewImage": "docs/preview.gif",
      "coverImage": "docs/cover.png",
      "entryPoint": "dist/index.html",
      "pluginType": "field_editor",
      "fieldTypes": ["text"],
      "parameters": {
    "global": [
      {
        "id": "developmentMode",
        "label": "Development mode",
        "type": "boolean",
        "required": true,
        "default": false,
        "hint": "Shows debug messages in console"
      }
    ],
    "instance": []
  }
    },
    "devDependencies": {
      
      "eslint-config-airbnb": "^17.1.0",
      "eslint-plugin-jsx-a11y": "^6.1.1",
      "eslint-plugin-react": "^7.11.0",
      "@babel/plugin-proposal-class-properties": "^7.1.0",
      "@babel/plugin-proposal-decorators": "^7.1.2",
      "@babel/preset-react": "^7.0.0",
      
      "@babel/cli": "^7.0.0-beta.54",
      "@babel/core": "^7.0.0-beta.54",
      "@babel/preset-env": "^7.0.0-beta.54",
      "@babel/register": "^7.0.0-beta.54", "babel-eslint": "^8.2.6",
      "babel-loader": "^8.0.0-beta",
      "css-loader": "^1.0.0",
      "eslint": "^5.3.0",
      "eslint-config-airbnb-base": "^13.1.0",
      "eslint-import-resolver-webpack": "^0.10.1",
      "eslint-loader": "^2.1.0",
      "eslint-plugin-import": "^2.14.0",
      "generator-datocms-plugin": "^1.0.24",
      "html-webpack-inline-source-plugin": "^0.0.10",
      "html-webpack-plugin": "^3.2.0",
      "mini-css-extract-plugin": "^0.4.3",
      "node-sass": "^4.9.3",
      "sass-loader": "^7.1.0",
      "serve": "^10.0.2",
      "style-loader": "^0.23.0",
      "webpack": "^4.16.1",
      "webpack-cli": "^3.1.0",
      "webpack-dev-server": "^3.1.10",
      "yo": "^3.1.1"
    },
    "dependencies": {
      "html-webpack-tags-plugin": "^2.0.17"
      
      "classname": "^0.0.0",
      "react": "^16.5.2",
      "react-dom": "^16.5.2",
      "prop-types": "^15.6.2"
      
    }
  }

yarn manifest: 
  No manifest

Lockfile: 
  No lockfile
